.CODE
PUSH simple_heap_init
CALL
PUSH lbl_main@TestWhileIfNum
CALL
HALT

simple_heap_init: RET 0

simple_malloc: LOADFP
LOADSP
STOREFP
LOADHL
DUP
PUSH 1
ADD
STORE 4
LOAD 3
ADD
STOREHL
STOREFP
RET 1

.DATA
VT@System: NOP

.CODE
lbl_read@System: LOADFP
LOADSP
STOREFP
READ
PUSH 48
SUB
STORE 3
lbl_end_read@System: NOP
STOREFP
RET 0
lbl_printB@System: LOADFP
LOADSP
STOREFP
LOAD 3
BPRINT
lbl_end_printB@System: NOP
STOREFP
RET 1
lbl_printC@System: LOADFP
LOADSP
STOREFP
LOAD 3
CPRINT
lbl_end_printC@System: NOP
STOREFP
RET 1
lbl_printI@System: LOADFP
LOADSP
STOREFP
LOAD 3
IPRINT
lbl_end_printI@System: NOP
STOREFP
RET 1
lbl_printS@System: LOADFP
LOADSP
STOREFP
LOAD 3 ; Cargar parámetro 's' (puntero al CIR)
PUSH 1 ; Apilar offset de los datos del string
ADD ; Calcular Puntero_CIR + 1
SPRINT ; Imprimir el string
lbl_end_printS@System: NOP
STOREFP
RET 1
lbl_println@System: LOADFP
LOADSP
STOREFP
PRNLN
lbl_end_println@System: NOP
STOREFP
RET 0
lbl_printBln@System: LOADFP
LOADSP
STOREFP
LOAD 3
BPRINT
PRNLN
lbl_end_printBln@System: NOP
STOREFP
RET 1
lbl_printCln@System: LOADFP
LOADSP
STOREFP
LOAD 3
CPRINT
PRNLN
lbl_end_printCln@System: NOP
STOREFP
RET 1
lbl_printIln@System: LOADFP
LOADSP
STOREFP
LOAD 3
IPRINT
PRNLN
lbl_end_printIln@System: NOP
STOREFP
RET 1
lbl_printSln@System: LOADFP
LOADSP
STOREFP
LOAD 3 ; Cargar parámetro 's' (puntero al CIR)
PUSH 1 ; Apilar offset de los datos del string
ADD ; Calcular Puntero_CIR + 1
SPRINT ; Imprimir el string
PRNLN
lbl_end_printSln@System: NOP
STOREFP
RET 1
lbl_debugPrint@System: LOADFP
LOADSP
STOREFP
LOAD 3
IPRINT
lbl_end_debugPrint@System: NOP
STOREFP
RET 1

.DATA
VT@TestWhileIfNum: NOP

.CODE
lbl_builder@TestWhileIfNum: LOADFP
LOADSP
STOREFP
STOREFP
RET 1
lbl_main@TestWhileIfNum: LOADFP
LOADSP
STOREFP
RMEM 1 ; Reservar 1 celdas locales
PUSH 0
STORE 0 ; Guardar variable local x
lbl_loop_ini1: NOP
LOAD 0 ; Cargar variable local x
PUSH 5
LT
BF lbl_loop_fin1
LOAD 0 ; Cargar variable local x
PUSH 2
MOD
PUSH 0
EQ
BF lbl_else2
PUSH 1
PUSH lbl_printIln@System
CALL
JUMP lbl_finif2
lbl_else2: NOP
PUSH 0
PUSH lbl_printIln@System
CALL
lbl_finif2: NOP
LOAD 0 ; Cargar variable local x
PUSH 1
ADD
STORE 0
JUMP lbl_loop_ini1
lbl_loop_fin1: NOP
PUSH 99
PUSH lbl_printIln@System
CALL
lbl_end_main@TestWhileIfNum: NOP
FMEM 1 ; Liberar celdas locales
STOREFP
RET 0

.DATA
VT@Object: NOP

.CODE
lbl_debugPrint@Object: LOADFP
LOADSP
STOREFP
LOAD 3
IPRINT
lbl_end_debugPrint@Object: NOP
STOREFP
RET 1

.DATA
VT@String: NOP

.CODE
lbl_debugPrint@String: LOADFP
LOADSP
STOREFP
LOAD 3
IPRINT
lbl_end_debugPrint@String: NOP
STOREFP
RET 1

