.CODE
PUSH lbl_main@Init
CALL
HALT

simple_heap_init: RET 0

simple_malloc: LOADFP
LOADSP
STOREFP
LOADHL
DUP
PUSH 1
ADD
STORE 4
LOAD 3
ADD
STOREHL
STOREFP
RET 1

.DATA
VT@System: NOP

.CODE
lbl_read@System: LOADFP
LOADSP
STOREFP
READ
STOREFP
RET 0
lbl_printB@System: LOADFP
LOADSP
STOREFP
LOAD 3
BPRINT
STOREFP
RET 1
lbl_printC@System: LOADFP
LOADSP
STOREFP
LOAD 3
CPRINT
STOREFP
RET 1
lbl_printI@System: LOADFP
LOADSP
STOREFP
LOAD 3
IPRINT
STOREFP
RET 1
lbl_printS@System: LOADFP
LOADSP
STOREFP
LOAD 3
SPRINT
STOREFP
RET 1
lbl_println@System: LOADFP
LOADSP
STOREFP
PRNLN
STOREFP
RET 0
lbl_printBln@System: LOADFP
LOADSP
STOREFP
LOAD 3
BPRINT
PRNLN
STOREFP
RET 1
lbl_printCln@System: LOADFP
LOADSP
STOREFP
LOAD 3
CPRINT
PRNLN
STOREFP
RET 1
lbl_printIln@System: LOADFP
LOADSP
STOREFP
LOAD 3
IPRINT
PRNLN
STOREFP
RET 1
lbl_printSln@System: LOADFP
LOADSP
STOREFP
LOAD 3
SPRINT
PRNLN
STOREFP
RET 1

.DATA
VT@Object: NOP

.CODE
lbl_debugPrint@Object: LOADFP
LOADSP
STOREFP
LOAD 3
IPRINT
STOREFP
RET 1

.DATA
VT@Init: NOP

.CODE
lbl_builder@Init: NOP

lbl_main@Init: LOADFP
LOADSP
STOREFP
PUSH 5
STORE 0 ; Guardar variable local x
PUSH 5
STORE -1 ; Guardar variable local y
LOAD 0 ; Cargar variable local x
PUSH 1
ADD
DUP
STORE 0
PUSH lbl_printIln@System
CALL
LOAD -1 ; Cargar variable local y
PUSH 1
SUB
DUP
STORE -1
PUSH lbl_printIln@System
CALL
FMEM 0
STOREFP
RET 0

.DATA
VT@String: NOP

.CODE

