.CODE
PUSH simple_heap_init
CALL
PUSH lbl_main@TestHerencia
CALL
HALT

simple_heap_init: RET 0

simple_malloc: LOADFP
LOADSP
STOREFP
LOADHL
DUP
PUSH 1
ADD
STORE 4
LOAD 3
ADD
STOREHL
STOREFP
RET 1

.DATA
VT@String: NOP

.CODE
lbl_debugPrint@String: LOADFP
LOADSP
STOREFP
LOAD 3
IPRINT
lbl_end_debugPrint@String: NOP
STOREFP
RET 1

.DATA
VT@Object: NOP

.CODE
lbl_debugPrint@Object: LOADFP
LOADSP
STOREFP
LOAD 3
IPRINT
lbl_end_debugPrint@Object: NOP
STOREFP
RET 1

.DATA
VT@System: NOP

.CODE
lbl_read@System: LOADFP
LOADSP
STOREFP
READ
PUSH 48
SUB
STORE 3
lbl_end_read@System: NOP
STOREFP
RET 0
lbl_printB@System: LOADFP
LOADSP
STOREFP
LOAD 3
BPRINT
lbl_end_printB@System: NOP
STOREFP
RET 1
lbl_printC@System: LOADFP
LOADSP
STOREFP
LOAD 3
CPRINT
lbl_end_printC@System: NOP
STOREFP
RET 1
lbl_printI@System: LOADFP
LOADSP
STOREFP
LOAD 3
IPRINT
lbl_end_printI@System: NOP
STOREFP
RET 1
lbl_printS@System: LOADFP
LOADSP
STOREFP
LOAD 3 ; Cargar par치metro 's' (puntero al CIR)
PUSH 1 ; Apilar offset de los datos del string
ADD ; Calcular Puntero_CIR + 1
SPRINT ; Imprimir el string
lbl_end_printS@System: NOP
STOREFP
RET 1
lbl_println@System: LOADFP
LOADSP
STOREFP
PRNLN
lbl_end_println@System: NOP
STOREFP
RET 0
lbl_printBln@System: LOADFP
LOADSP
STOREFP
LOAD 3
BPRINT
PRNLN
lbl_end_printBln@System: NOP
STOREFP
RET 1
lbl_printCln@System: LOADFP
LOADSP
STOREFP
LOAD 3
CPRINT
PRNLN
lbl_end_printCln@System: NOP
STOREFP
RET 1
lbl_printIln@System: LOADFP
LOADSP
STOREFP
LOAD 3
IPRINT
PRNLN
lbl_end_printIln@System: NOP
STOREFP
RET 1
lbl_printSln@System: LOADFP
LOADSP
STOREFP
LOAD 3 ; Cargar par치metro 's' (puntero al CIR)
PUSH 1 ; Apilar offset de los datos del string
ADD ; Calcular Puntero_CIR + 1
SPRINT ; Imprimir el string
PRNLN
lbl_end_printSln@System: NOP
STOREFP
RET 1
lbl_debugPrint@System: LOADFP
LOADSP
STOREFP
LOAD 3
IPRINT
lbl_end_debugPrint@System: NOP
STOREFP
RET 1

.DATA
VT@TestHerencia: DW lbl_andar@TestHerencia

.CODE
lbl_builder@TestHerencia: LOADFP
LOADSP
STOREFP
RMEM 1 ; Reservar espacio para el puntero 'new'
PUSH 2 ; Apilar tama침o del CIR (k)
PUSH simple_malloc
CALL
DUP
PUSH VT@Vehiculo
STOREREF 0 ; Guardar puntero a la VT en offset 0
DUP
PUSH lbl_builder@Vehiculo
CALL
LOAD 3
SWAP
STOREREF 1
FMEM 1 ; Liberar slot temporal del 'new'
STOREFP
RET 1
lbl_main@TestHerencia: LOADFP
LOADSP
STOREFP
RMEM 1 ; Reservar 1 celdas locales
RMEM 1 ; Reservar espacio para el puntero 'new'
PUSH 2 ; Apilar tama침o del CIR (k)
PUSH simple_malloc
CALL
DUP
PUSH VT@TestHerencia
STOREREF 0 ; Guardar puntero a la VT en offset 0
DUP
PUSH lbl_builder@TestHerencia
CALL
STORE 0 ; Guardar variable local t
FMEM 1 ; Liberar slot temporal del 'new'
LOAD 0 ; Cargar variable local t
DUP ; duplicar ref obj
LOADREF 0 ; cargar VT
LOADREF 0 ; cargar dir metodo andar
CALL
lbl_end_main@TestHerencia: NOP
FMEM 1 ; Liberar celdas locales
STOREFP
RET 0
lbl_andar@TestHerencia: LOADFP
LOADSP
STOREFP
PUSH 1
LOAD 3
SWAP
STOREREF 1
LOAD 3 ; Cargar this
LOADREF 1 ; Cargar atributo v
LOADREF 1 ; cargar atributo a
PUSH lbl_printIln@System
CALL
lbl_end_andar@TestHerencia: NOP
STOREFP
RET 0

.DATA
VT@Vehiculo: NOP

.CODE
lbl_builder@Vehiculo: LOADFP
LOADSP
STOREFP
STOREFP
RET 1

