.CODE
PUSH simple_heap_init
CALL
PUSH lbl_main@Init
CALL
HALT

simple_heap_init: RET 0

simple_malloc: LOADFP
LOADSP
STOREFP
LOADHL
DUP
PUSH 1
ADD
STORE 4
LOAD 3
ADD
STOREHL
STOREFP
RET 1

.DATA
VT@Init: NOP

.CODE
lbl_builder@Init: LOADFP
LOADSP
STOREFP
STOREFP
RET 1
lbl_main@Init: LOADFP
LOADSP
STOREFP
RMEM 1 ; Reservar 1 celdas locales
RMEM 1 ; Reservar espacio para el puntero 'new'
PUSH 1 ; Apilar tamaño del CIR (k)
PUSH simple_malloc
CALL
DUP
PUSH VT@A
STOREREF 0 ; Guardar puntero a la VT en offset 0
DUP
PUSH lbl_builder@A
CALL
STORE 0 ; Guardar variable local x
FMEM 1 ; Liberar slot temporal del 'new'
LOAD 0 ; Cargar variable local x
DUP ; duplicar ref obj
LOADREF 0 ; cargar VT
LOADREF 1 ; cargar dir metodo m2
CALL
LOAD 0 ; Cargar variable local x
DUP ; duplicar ref obj
LOADREF 0 ; cargar VT
LOADREF 1 ; cargar dir metodo m2
CALL
PUSH lbl_debugPrint@Object
CALL
lbl_end_main@Init: NOP
FMEM 1 ; Liberar celdas locales
STOREFP
RET 0

.DATA
VT@String: NOP

.CODE
lbl_debugPrint@String: LOADFP
LOADSP
STOREFP
LOAD 3
IPRINT
lbl_end_debugPrint@String: NOP
STOREFP
RET 1

.DATA
VT@System: NOP

.CODE
lbl_read@System: LOADFP
LOADSP
STOREFP
READ
PUSH 48
SUB
STORE 3
lbl_end_read@System: NOP
STOREFP
RET 0
lbl_printB@System: LOADFP
LOADSP
STOREFP
LOAD 3
BPRINT
lbl_end_printB@System: NOP
STOREFP
RET 1
lbl_printC@System: LOADFP
LOADSP
STOREFP
LOAD 3
CPRINT
lbl_end_printC@System: NOP
STOREFP
RET 1
lbl_printI@System: LOADFP
LOADSP
STOREFP
LOAD 3
IPRINT
lbl_end_printI@System: NOP
STOREFP
RET 1
lbl_printS@System: LOADFP
LOADSP
STOREFP
LOAD 3 ; Cargar parámetro 's' (puntero al CIR)
PUSH 1 ; Apilar offset de los datos del string
ADD ; Calcular Puntero_CIR + 1
SPRINT ; Imprimir el string
lbl_end_printS@System: NOP
STOREFP
RET 1
lbl_println@System: LOADFP
LOADSP
STOREFP
PRNLN
lbl_end_println@System: NOP
STOREFP
RET 0
lbl_printBln@System: LOADFP
LOADSP
STOREFP
LOAD 3
BPRINT
PRNLN
lbl_end_printBln@System: NOP
STOREFP
RET 1
lbl_printCln@System: LOADFP
LOADSP
STOREFP
LOAD 3
CPRINT
PRNLN
lbl_end_printCln@System: NOP
STOREFP
RET 1
lbl_printIln@System: LOADFP
LOADSP
STOREFP
LOAD 3
IPRINT
PRNLN
lbl_end_printIln@System: NOP
STOREFP
RET 1
lbl_printSln@System: LOADFP
LOADSP
STOREFP
LOAD 3 ; Cargar parámetro 's' (puntero al CIR)
PUSH 1 ; Apilar offset de los datos del string
ADD ; Calcular Puntero_CIR + 1
SPRINT ; Imprimir el string
PRNLN
lbl_end_printSln@System: NOP
STOREFP
RET 1
lbl_debugPrint@System: LOADFP
LOADSP
STOREFP
LOAD 3
IPRINT
lbl_end_debugPrint@System: NOP
STOREFP
RET 1

.DATA
VT@A: DW lbl_m1@A
DW lbl_m2@A

.CODE
lbl_builder@A: LOADFP
LOADSP
STOREFP
STOREFP
RET 1
lbl_m1@A: LOADFP
LOADSP
STOREFP
LOAD 4 ; Cargar parámetro p1
PUSH lbl_debugPrint@Object
CALL
lbl_end_m1@A: NOP
STOREFP
RET 1
lbl_m2@A: LOADFP
LOADSP
STOREFP
PUSH 33
STORE 3 ; Guardar valor de retorno en M[fp+3]
JUMP lbl_end_m2@A ; salto al final del método tras return
lbl_end_m2@A: NOP
STOREFP
RET 0

.DATA
VT@Object: NOP

.CODE
lbl_debugPrint@Object: LOADFP
LOADSP
STOREFP
LOAD 3
IPRINT
lbl_end_debugPrint@Object: NOP
STOREFP
RET 1

