.CODE
PUSH simple_heap_init
CALL
PUSH lbl_main@TestNew
CALL
HALT

simple_heap_init: RET 0

simple_malloc: LOADFP
LOADSP
STOREFP
LOADHL
DUP
PUSH 1
ADD
STORE 4
LOAD 3
ADD
STOREHL
STOREFP
RET 1

.DATA
VT@Object: NOP

.CODE
lbl_debugPrint@Object: LOADFP
LOADSP
STOREFP
LOAD 3
IPRINT
lbl_end_debugPrint@Object: NOP
STOREFP
RET 1

.DATA
VT@String: NOP

.CODE
lbl_debugPrint@String: LOADFP
LOADSP
STOREFP
LOAD 3
IPRINT
lbl_end_debugPrint@String: NOP
STOREFP
RET 1

.DATA
VT@System: NOP

.CODE
lbl_read@System: LOADFP
LOADSP
STOREFP
READ
PUSH 48
SUB
STORE 3
lbl_end_read@System: NOP
STOREFP
RET 0
lbl_printB@System: LOADFP
LOADSP
STOREFP
LOAD 3
BPRINT
lbl_end_printB@System: NOP
STOREFP
RET 1
lbl_printC@System: LOADFP
LOADSP
STOREFP
LOAD 3
CPRINT
lbl_end_printC@System: NOP
STOREFP
RET 1
lbl_printI@System: LOADFP
LOADSP
STOREFP
LOAD 3
IPRINT
lbl_end_printI@System: NOP
STOREFP
RET 1
lbl_printS@System: LOADFP
LOADSP
STOREFP
LOAD 3 ; Cargar par치metro 's' (puntero al CIR)
PUSH 1 ; Apilar offset de los datos del string
ADD ; Calcular Puntero_CIR + 1
SPRINT ; Imprimir el string
lbl_end_printS@System: NOP
STOREFP
RET 1
lbl_println@System: LOADFP
LOADSP
STOREFP
PRNLN
lbl_end_println@System: NOP
STOREFP
RET 0
lbl_printBln@System: LOADFP
LOADSP
STOREFP
LOAD 3
BPRINT
PRNLN
lbl_end_printBln@System: NOP
STOREFP
RET 1
lbl_printCln@System: LOADFP
LOADSP
STOREFP
LOAD 3
CPRINT
PRNLN
lbl_end_printCln@System: NOP
STOREFP
RET 1
lbl_printIln@System: LOADFP
LOADSP
STOREFP
LOAD 3
IPRINT
PRNLN
lbl_end_printIln@System: NOP
STOREFP
RET 1
lbl_printSln@System: LOADFP
LOADSP
STOREFP
LOAD 3 ; Cargar par치metro 's' (puntero al CIR)
PUSH 1 ; Apilar offset de los datos del string
ADD ; Calcular Puntero_CIR + 1
SPRINT ; Imprimir el string
PRNLN
lbl_end_printSln@System: NOP
STOREFP
RET 1
lbl_debugPrint@System: LOADFP
LOADSP
STOREFP
LOAD 3
IPRINT
lbl_end_debugPrint@System: NOP
STOREFP
RET 1

.DATA
VT@Widget: DW lbl_imprimirId@Widget

.CODE
lbl_builder@Widget: LOADFP
LOADSP
STOREFP
LOAD 4 ; Cargar par치metro val
LOAD 3
SWAP
STOREREF 1
STOREFP
RET 2
lbl_imprimirId@Widget: LOADFP
LOADSP
STOREFP
LOAD 3 ; Cargar this
LOADREF 1 ; Cargar atributo id
PUSH lbl_printIln@System
CALL
lbl_end_imprimirId@Widget: NOP
STOREFP
RET 0

.DATA
VT@TestNew: NOP

.CODE
lbl_builder@TestNew: LOADFP
LOADSP
STOREFP
STOREFP
RET 1
lbl_main@TestNew: LOADFP
LOADSP
STOREFP
RMEM 1 ; Reservar 1 celdas locales
RMEM 1 ; Reservar espacio para el puntero 'new'
PUSH 2 ; Apilar tama침o del CIR (k)
PUSH simple_malloc
CALL
DUP
PUSH VT@Widget
STOREREF 0 ; Guardar puntero a la VT en offset 0
DUP
PUSH 123
SWAP ; Mover 'this' debajo del argumento
PUSH lbl_builder@Widget
CALL
STORE 0 ; Guardar variable local miWidget
FMEM 1 ; Liberar slot temporal del 'new'
LOAD 0 ; Cargar variable local miWidget
DUP ; duplicar ref obj
LOADREF 0 ; cargar VT
LOADREF 0 ; cargar dir metodo imprimirId
CALL
PUSH 456
PUSH lbl_printIln@System
CALL
lbl_end_main@TestNew: NOP
FMEM 1 ; Liberar celdas locales
STOREFP
RET 0

